# Logfile created on 2018-05-21 16:06:44 +0900 by logger.rb/56815
D, [2018-05-21T16:06:44.777590 #68386] DEBUG -- : *debug log
I, [2018-05-21T16:06:44.777766 #68386]  INFO -- : *info log
W, [2018-05-21T16:06:44.777856 #68386]  WARN -- : *warn log
E, [2018-05-21T16:06:44.777934 #68386] ERROR -- : *error log
F, [2018-05-21T16:06:44.778009 #68386] FATAL -- : *fatal log
A, [2018-05-21T16:06:44.778102 #68386]   ANY -- : *unknown log
D, [2018-05-21T16:28:57.888077 #69097] DEBUG -- : debug
I, [2018-05-21T16:28:57.889011 #69097]  INFO -- : info
W, [2018-05-21T16:28:57.889125 #69097]  WARN -- : warn
E, [2018-05-21T16:28:57.889195 #69097] ERROR -- : error
F, [2018-05-21T16:28:57.889258 #69097] FATAL -- : fatal
A, [2018-05-21T16:28:57.889321 #69097]   ANY -- : ================================================================================
I, [2018-05-21T16:28:57.889386 #69097]  INFO -- : info
W, [2018-05-21T16:28:57.889446 #69097]  WARN -- : warn
E, [2018-05-21T16:28:57.889503 #69097] ERROR -- : error
F, [2018-05-21T16:28:57.889560 #69097] FATAL -- : fatal
A, [2018-05-21T16:28:57.889618 #69097]   ANY -- : ================================================================================
F, [2018-05-21T16:28:57.889679 #69097] FATAL -- : fatal
A, [2018-05-21T16:28:57.889754 #69097]   ANY -- : ++++++++++++++++++++++++++++++++++++++++++++++++++++++++++++++++++++++++++++++++
D, [2018-05-21T16:29:19.061903 #69129] DEBUG -- : debug
I, [2018-05-21T16:29:19.062068 #69129]  INFO -- : info
W, [2018-05-21T16:29:19.062181 #69129]  WARN -- : warn
E, [2018-05-21T16:29:19.062243 #69129] ERROR -- : error
F, [2018-05-21T16:29:19.062302 #69129] FATAL -- : fatal
A, [2018-05-21T16:29:19.062361 #69129]   ANY -- : ================================================================================
I, [2018-05-21T16:29:19.062422 #69129]  INFO -- : info
W, [2018-05-21T16:29:19.062477 #69129]  WARN -- : warn
E, [2018-05-21T16:29:19.062531 #69129] ERROR -- : error
F, [2018-05-21T16:29:19.062583 #69129] FATAL -- : fatal
A, [2018-05-21T16:29:19.063510 #69129]   ANY -- : ================================================================================
F, [2018-05-21T16:29:19.063660 #69129] FATAL -- : fatal
A, [2018-05-21T16:29:19.063764 #69129]   ANY -- : ++++++++++++++++++++++++++++++++++++++++++++++++++++++++++++++++++++++++++++++++
D, [2018-05-21T16:29:28.439547 #69161] DEBUG -- : debug
I, [2018-05-21T16:29:28.439701 #69161]  INFO -- : info
W, [2018-05-21T16:29:28.439776 #69161]  WARN -- : warn
E, [2018-05-21T16:29:28.439838 #69161] ERROR -- : error
F, [2018-05-21T16:29:28.439897 #69161] FATAL -- : fatal
A, [2018-05-21T16:29:28.439958 #69161]   ANY -- : ================================================================================
I, [2018-05-21T16:29:28.440036 #69161]  INFO -- : info
W, [2018-05-21T16:29:28.440122 #69161]  WARN -- : warn
E, [2018-05-21T16:29:28.440182 #69161] ERROR -- : error
F, [2018-05-21T16:29:28.440267 #69161] FATAL -- : fatal
A, [2018-05-21T16:29:28.440342 #69161]   ANY -- : ================================================================================
F, [2018-05-21T16:29:28.440450 #69161] FATAL -- : fatal
A, [2018-05-21T16:29:28.440579 #69161]   ANY -- : ++++++++++++++++++++++++++++++++++++++++++++++++++++++++++++++++++++++++++++++++
D, [2018-05-21T16:30:13.019054 #69218] DEBUG -- : debug
I, [2018-05-21T16:30:13.019524 #69218]  INFO -- : info
W, [2018-05-21T16:30:13.019641 #69218]  WARN -- : warn
E, [2018-05-21T16:30:13.019708 #69218] ERROR -- : error
F, [2018-05-21T16:30:13.019769 #69218] FATAL -- : fatal
A, [2018-05-21T16:30:13.019830 #69218]   ANY -- : ================================================================================
I, [2018-05-21T16:30:13.019893 #69218]  INFO -- : info
W, [2018-05-21T16:30:13.019950 #69218]  WARN -- : warn
E, [2018-05-21T16:30:13.020005 #69218] ERROR -- : error
F, [2018-05-21T16:30:13.020059 #69218] FATAL -- : fatal
A, [2018-05-21T16:30:13.020115 #69218]   ANY -- : ================================================================================
F, [2018-05-21T16:30:13.020175 #69218] FATAL -- : fatal
A, [2018-05-21T16:30:13.020275 #69218]   ANY -- : ++++++++++++++++++++++++++++++++++++++++++++++++++++++++++++++++++++++++++++++++
D, [2018-05-21T16:30:26.287881 #69251] DEBUG -- : debug
I, [2018-05-21T16:30:26.288040 #69251]  INFO -- : info
W, [2018-05-21T16:30:26.288113 #69251]  WARN -- : warn
E, [2018-05-21T16:30:26.288172 #69251] ERROR -- : error
F, [2018-05-21T16:30:26.288229 #69251] FATAL -- : fatal
A, [2018-05-21T16:30:26.288286 #69251]   ANY -- : ================================================================================
I, [2018-05-21T16:30:26.288345 #69251]  INFO -- : info
W, [2018-05-21T16:30:26.288398 #69251]  WARN -- : warn
E, [2018-05-21T16:30:26.288451 #69251] ERROR -- : error
F, [2018-05-21T16:30:26.288502 #69251] FATAL -- : fatal
A, [2018-05-21T16:30:26.288556 #69251]   ANY -- : ================================================================================
F, [2018-05-21T16:30:26.288613 #69251] FATAL -- : fatal
A, [2018-05-21T16:30:26.288666 #69251]   ANY -- : ++++++++++++++++++++++++++++++++++++++++++++++++++++++++++++++++++++++++++++++++
D, [2018-05-21T16:30:39.440403 #69282] DEBUG -- : debug
I, [2018-05-21T16:30:39.440666 #69282]  INFO -- : info
W, [2018-05-21T16:30:39.440777 #69282]  WARN -- : warn
E, [2018-05-21T16:30:39.440873 #69282] ERROR -- : error
F, [2018-05-21T16:30:39.440966 #69282] FATAL -- : fatal
A, [2018-05-21T16:30:39.441060 #69282]   ANY -- : ================================================================================
I, [2018-05-21T16:30:39.441158 #69282]  INFO -- : info
W, [2018-05-21T16:30:39.441244 #69282]  WARN -- : warn
E, [2018-05-21T16:30:39.441331 #69282] ERROR -- : error
F, [2018-05-21T16:30:39.441422 #69282] FATAL -- : fatal
A, [2018-05-21T16:30:39.441512 #69282]   ANY -- : ================================================================================
F, [2018-05-21T16:30:39.441605 #69282] FATAL -- : fatal
A, [2018-05-21T16:30:39.441689 #69282]   ANY -- : ++++++++++++++++++++++++++++++++++++++++++++++++++++++++++++++++++++++++++++++++
D, [2018-05-21T16:31:10.962350 #69323] DEBUG -- : debug
I, [2018-05-21T16:31:10.962509 #69323]  INFO -- : info
W, [2018-05-21T16:31:10.962583 #69323]  WARN -- : warn
E, [2018-05-21T16:31:10.962646 #69323] ERROR -- : error
F, [2018-05-21T16:31:10.962705 #69323] FATAL -- : fatal
A, [2018-05-21T16:31:10.962762 #69323]   ANY -- : ================================================================================
I, [2018-05-21T16:31:10.962822 #69323]  INFO -- : info
W, [2018-05-21T16:31:10.962876 #69323]  WARN -- : warn
E, [2018-05-21T16:31:10.962930 #69323] ERROR -- : error
F, [2018-05-21T16:31:10.962983 #69323] FATAL -- : fatal
A, [2018-05-21T16:31:10.963036 #69323]   ANY -- : ================================================================================
F, [2018-05-21T16:31:10.963094 #69323] FATAL -- : fatal
A, [2018-05-21T16:31:10.963148 #69323]   ANY -- : ++++++++++++++++++++++++++++++++++++++++++++++++++++++++++++++++++++++++++++++++
