# Logfile created on 2018-05-16 09:34:20 +0900 by logger.rb/56815
D, [2018-05-16T09:34:20.918365 #68118] DEBUG -- : *debug log
I, [2018-05-16T09:34:20.918413 #68118]  INFO -- : *info log
W, [2018-05-16T09:34:20.918440 #68118]  WARN -- : *warn log
E, [2018-05-16T09:34:20.918464 #68118] ERROR -- : *error log
F, [2018-05-16T09:34:20.918486 #68118] FATAL -- : *fatal log
A, [2018-05-16T09:34:20.918507 #68118]   ANY -- : *unknown log
D, [2018-05-16T09:34:46.083108 #68126] DEBUG -- : *debug log
I, [2018-05-16T09:34:46.083203 #68126]  INFO -- : *info log
W, [2018-05-16T09:34:46.083234 #68126]  WARN -- : *warn log
E, [2018-05-16T09:34:46.083260 #68126] ERROR -- : *error log
F, [2018-05-16T09:34:46.083284 #68126] FATAL -- : *fatal log
A, [2018-05-16T09:34:46.083307 #68126]   ANY -- : *unknown log
D, [2018-05-16T12:50:46.795520 #71980] DEBUG -- : *debug log
I, [2018-05-16T12:50:46.795817 #71980]  INFO -- : *info log
W, [2018-05-16T12:50:46.795863 #71980]  WARN -- : *warn log
E, [2018-05-16T12:50:46.795890 #71980] ERROR -- : *error log
F, [2018-05-16T12:50:46.795915 #71980] FATAL -- : *fatal log
A, [2018-05-16T12:50:46.795938 #71980]   ANY -- : *unknown log
D, [2018-05-16T12:56:17.228739 #72102] DEBUG -- : *debug log
I, [2018-05-16T12:56:17.228844 #72102]  INFO -- : *info log
W, [2018-05-16T12:56:17.228887 #72102]  WARN -- : *warn log
E, [2018-05-16T12:56:17.228919 #72102] ERROR -- : *error log
F, [2018-05-16T12:56:17.228944 #72102] FATAL -- : *fatal log
A, [2018-05-16T12:56:17.228969 #72102]   ANY -- : *unknown log
D, [2018-05-16T15:41:41.661822 #74011] DEBUG -- : *debug log
I, [2018-05-16T15:41:41.662249 #74011]  INFO -- : *info log
W, [2018-05-16T15:41:41.662303 #74011]  WARN -- : *warn log
E, [2018-05-16T15:41:41.662331 #74011] ERROR -- : *error log
F, [2018-05-16T15:41:41.662354 #74011] FATAL -- : *fatal log
A, [2018-05-16T15:41:41.662377 #74011]   ANY -- : *unknown log
D, [2018-05-16T16:02:57.707729 #74446] DEBUG -- : *debug log
I, [2018-05-16T16:02:57.708154 #74446]  INFO -- : *info log
W, [2018-05-16T16:02:57.708204 #74446]  WARN -- : *warn log
E, [2018-05-16T16:02:57.708238 #74446] ERROR -- : *error log
F, [2018-05-16T16:02:57.708267 #74446] FATAL -- : *fatal log
A, [2018-05-16T16:02:57.708294 #74446]   ANY -- : *unknown log
D, [2018-05-18T10:46:42.400326 #28554] DEBUG -- : *debug log
I, [2018-05-18T10:46:42.400712 #28554]  INFO -- : *info log
W, [2018-05-18T10:46:42.400763 #28554]  WARN -- : *warn log
E, [2018-05-18T10:46:42.400794 #28554] ERROR -- : *error log
F, [2018-05-18T10:46:42.400821 #28554] FATAL -- : *fatal log
A, [2018-05-18T10:46:42.400848 #28554]   ANY -- : *unknown log
D, [2018-05-18T10:46:51.791707 #28561] DEBUG -- : *debug log
I, [2018-05-18T10:46:51.791772 #28561]  INFO -- : *info log
W, [2018-05-18T10:46:51.791809 #28561]  WARN -- : *warn log
E, [2018-05-18T10:46:51.791851 #28561] ERROR -- : *error log
F, [2018-05-18T10:46:51.791880 #28561] FATAL -- : *fatal log
A, [2018-05-18T10:46:51.791905 #28561]   ANY -- : *unknown log
D, [2018-05-18T10:58:06.640836 #28833] DEBUG -- : *debug log
I, [2018-05-18T10:58:06.641299 #28833]  INFO -- : *info log
W, [2018-05-18T10:58:06.641351 #28833]  WARN -- : *warn log
E, [2018-05-18T10:58:06.641378 #28833] ERROR -- : *error log
F, [2018-05-18T10:58:06.641402 #28833] FATAL -- : *fatal log
A, [2018-05-18T10:58:06.641425 #28833]   ANY -- : *unknown log
D, [2018-05-18T10:58:11.603171 #28840] DEBUG -- : *debug log
I, [2018-05-18T10:58:11.603239 #28840]  INFO -- : *info log
W, [2018-05-18T10:58:11.603274 #28840]  WARN -- : *warn log
E, [2018-05-18T10:58:11.603301 #28840] ERROR -- : *error log
F, [2018-05-18T10:58:11.603326 #28840] FATAL -- : *fatal log
A, [2018-05-18T10:58:11.603350 #28840]   ANY -- : *unknown log
